<?xml version="1.0" encoding="UTF-8"?>
<testng-results skipped="0" failed="0" total="1" passed="1">
  <reporter-output>
  </reporter-output>
  <suite name="Suite" duration-ms="27" started-at="2021-05-24T06:15:00Z" finished-at="2021-05-24T06:15:00Z">
    <groups>
    </groups>
    <test name="Test" duration-ms="27" started-at="2021-05-24T06:15:00Z" finished-at="2021-05-24T06:15:00Z">
      <class name="sample.TestProgram">
        <test-method status="PASS" signature="P1()[pri:0, instance:sample.TestProgram@5b464ce8]" name="P1" duration-ms="10" started-at="2021-05-24T11:45:00Z" finished-at="2021-05-24T11:45:00Z">
          <reporter-output>
          </reporter-output>
        </test-method> <!-- P1 -->
      </class> <!-- sample.TestProgram -->
    </test> <!-- Test -->
  </suite> <!-- Suite -->
</testng-results>
